TN:
SF:bin/install.js
FN:12,run
FN:21,runSilent
FN:30,install
FN:60,(anonymous_3)
FN:61,(anonymous_4)
FNF:5
FNH:0
FNDA:0,run
FNDA:0,runSilent
FNDA:0,install
FNDA:0,(anonymous_3)
FNDA:0,(anonymous_4)
DA:8,0
DA:9,0
DA:10,0
DA:13,0
DA:14,0
DA:16,0
DA:17,0
DA:22,0
DA:23,0
DA:24,0
DA:26,0
DA:31,0
DA:34,0
DA:35,0
DA:37,0
DA:38,0
DA:39,0
DA:43,0
DA:44,0
DA:45,0
DA:49,0
DA:50,0
DA:51,0
DA:55,0
DA:56,0
DA:57,0
DA:58,0
DA:59,0
DA:60,0
DA:61,0
DA:63,0
DA:64,0
DA:67,0
DA:70,0
DA:72,0
DA:76,0
DA:77,0
DA:78,0
DA:79,0
DA:80,0
DA:81,0
DA:84,0
DA:87,0
DA:88,0
DA:91,0
DA:92,0
DA:95,0
DA:96,0
DA:99,0
DA:100,0
DA:102,0
DA:105,0
LF:52
LH:0
BRDA:12,0,0,0
BRDA:21,1,0,0
BRDA:44,2,0,0
BRDA:44,2,1,0
BRDA:49,3,0,0
BRDA:49,3,1,0
BRDA:56,4,0,0
BRDA:56,4,1,0
BRDA:63,5,0,0
BRDA:63,5,1,0
BRDA:70,6,0,0
BRDA:70,6,1,0
BRDA:84,7,0,0
BRDA:84,7,1,0
BRF:14
BRH:0
end_of_record
TN:
SF:scripts/setup-bridge.ts
FN:11,createDefaultConfig
FN:30,handleLegacyDirectory
FN:50,processTemplateContent
FN:60,setup
FN:80,(anonymous_4)
FN:101,(anonymous_5)
FNF:6
FNH:5
FNDA:2,createDefaultConfig
FNDA:11,handleLegacyDirectory
FNDA:18,processTemplateContent
FNDA:8,setup
FNDA:16,(anonymous_4)
FNDA:0,(anonymous_5)
DA:15,2
DA:34,11
DA:35,7
DA:38,4
DA:40,4
DA:41,2
DA:42,2
DA:43,2
DA:45,2
DA:46,2
DA:55,18
DA:61,8
DA:62,8
DA:64,8
DA:72,8
DA:73,8
DA:74,8
DA:76,8
DA:77,6
DA:80,16
DA:82,8
DA:83,14
DA:84,14
DA:86,14
DA:87,14
DA:89,14
DA:90,14
DA:91,14
DA:94,8
DA:98,1
DA:99,1
DA:100,0
DA:101,0
DA:102,0
DA:103,0
LF:35
LH:31
BRDA:12,0,0,2
BRDA:13,1,0,2
BRDA:13,2,0,2
BRDA:13,2,1,1
BRDA:34,3,0,7
BRDA:34,3,1,4
BRDA:40,4,0,2
BRDA:40,4,1,2
BRDA:76,5,0,6
BRDA:76,5,1,2
BRDA:99,6,0,0
BRDA:99,6,1,1
BRF:12
BRH:11
end_of_record
TN:
SF:scripts/sync-commands.ts
FN:14,createDefaultConfig
FN:25,getSubmoduleSha
FN:33,getPackageVersion
FN:41,yamlEscape
FN:50,generateCommandMarkdown
FN:84,generateStyleguideMarkdown
FN:98,(anonymous_6)
FN:126,sync
FN:140,(anonymous_8)
FN:162,(anonymous_9)
FN:163,(anonymous_10)
FN:182,(anonymous_11)
FNF:12
FNH:11
FNDA:2,createDefaultConfig
FNDA:9,getSubmoduleSha
FNDA:10,getPackageVersion
FNDA:19,yamlEscape
FNDA:14,generateCommandMarkdown
FNDA:8,generateStyleguideMarkdown
FNDA:12,(anonymous_6)
FNDA:7,sync
FNDA:13,(anonymous_8)
FNDA:11,(anonymous_9)
FNDA:9,(anonymous_10)
FNDA:0,(anonymous_11)
DA:15,2
DA:16,2
DA:26,9
DA:27,9
DA:29,1
DA:34,10
DA:35,10
DA:36,1
DA:38,8
DA:44,19
DA:58,14
DA:59,14
DA:61,14
DA:63,14
DA:89,8
DA:98,12
DA:127,7
DA:132,7
DA:133,1
DA:136,7
DA:137,7
DA:140,13
DA:141,7
DA:143,7
DA:144,11
DA:145,11
DA:146,11
DA:148,11
DA:149,11
DA:150,11
DA:152,11
DA:154,11
DA:155,11
DA:156,11
DA:157,11
DA:161,7
DA:162,11
DA:163,9
DA:165,6
DA:167,6
DA:169,6
DA:170,6
DA:171,6
DA:172,6
DA:175,7
DA:179,1
DA:180,1
DA:181,0
DA:182,0
DA:183,0
DA:184,0
LF:51
LH:47
BRDA:14,0,0,2
BRDA:35,1,0,1
BRDA:35,1,1,9
BRDA:132,2,0,1
BRDA:132,2,1,6
BRDA:149,3,0,11
BRDA:149,3,1,0
BRDA:150,4,0,11
BRDA:150,4,1,0
BRDA:161,5,0,6
BRDA:161,5,1,1
BRDA:180,6,0,0
BRDA:180,6,1,1
BRF:13
BRH:10
end_of_record
TN:
SF:scripts/uninstall-bridge.ts
FN:8,createDefaultConfig
FN:21,removeConductorFiles
FN:31,(anonymous_2)
FN:51,uninstall
FN:81,(anonymous_4)
FNF:5
FNH:4
FNDA:1,createDefaultConfig
FNDA:15,removeConductorFiles
FNDA:10,(anonymous_2)
FNDA:6,uninstall
FNDA:0,(anonymous_4)
DA:11,1
DA:22,15
DA:27,15
DA:28,9
DA:31,10
DA:32,6
DA:33,6
DA:34,6
DA:35,6
DA:36,6
DA:39,6
DA:52,6
DA:53,6
DA:54,6
DA:56,6
DA:57,6
DA:59,6
DA:60,6
DA:61,1
DA:62,1
DA:65,6
DA:67,6
DA:78,1
DA:79,1
DA:80,0
DA:81,0
DA:82,0
DA:83,0
LF:28
LH:24
BRDA:9,0,0,1
BRDA:9,1,0,1
BRDA:9,1,1,0
BRDA:27,2,0,9
BRDA:27,2,1,6
BRDA:60,3,0,1
BRDA:60,3,1,5
BRDA:79,4,0,0
BRDA:79,4,1,1
BRF:9
BRH:7
end_of_record
TN:
SF:scripts/verify-compat.ts
FN:11,createDefaultConfig
FN:19,getPackageVersion
FN:24,getConductorSha
FN:28,extractDocumentedSha
FN:49,verify
FN:107,(anonymous_5)
FN:112,(anonymous_6)
FNF:7
FNH:5
FNDA:2,createDefaultConfig
FNDA:5,getPackageVersion
FNDA:6,getConductorSha
FNDA:7,extractDocumentedSha
FNDA:4,verify
FNDA:0,(anonymous_5)
FNDA:0,(anonymous_6)
DA:12,2
DA:20,5
DA:21,5
DA:25,6
DA:31,7
DA:32,7
DA:34,7
DA:35,2
DA:38,5
DA:50,4
DA:53,4
DA:57,4
DA:58,4
DA:60,1
DA:70,3
DA:71,3
DA:73,3
DA:74,1
DA:83,2
DA:84,1
DA:93,1
DA:95,1
DA:104,1
DA:105,1
DA:106,0
DA:107,0
DA:108,0
DA:109,0
DA:110,0
DA:113,0
DA:114,0
LF:31
LH:24
BRDA:11,0,0,2
BRDA:34,1,0,2
BRDA:34,1,1,5
BRDA:73,2,0,1
BRDA:73,2,1,2
BRDA:83,3,0,1
BRDA:83,3,1,1
BRDA:105,4,0,0
BRDA:105,4,1,1
BRDA:108,5,0,0
BRDA:108,5,1,0
BRF:11
BRH:8
end_of_record
TN:
SF:scripts/verify-docs.ts
FN:16,createDefaultConfig
FN:25,getPackageVersion
FN:38,verifyReadme
FN:81,(anonymous_3)
FN:95,verifyTemplates
FN:105,(anonymous_5)
FN:118,(anonymous_6)
FN:134,verifyDocs
FN:163,(anonymous_8)
FN:165,(anonymous_9)
FNF:10
FNH:8
FNDA:2,createDefaultConfig
FNDA:5,getPackageVersion
FNDA:11,verifyReadme
FNDA:11,(anonymous_3)
FNDA:8,verifyTemplates
FNDA:9,(anonymous_5)
FNDA:1,(anonymous_6)
FNDA:3,verifyDocs
FNDA:0,(anonymous_8)
FNDA:0,(anonymous_9)
DA:17,2
DA:26,5
DA:27,5
DA:28,1
DA:30,4
DA:39,11
DA:40,11
DA:43,11
DA:44,11
DA:45,2
DA:46,9
DA:47,1
DA:51,11
DA:53,11
DA:54,2
DA:55,1
DA:60,11
DA:61,11
DA:62,1
DA:66,11
DA:67,11
DA:68,4
DA:69,7
DA:70,1
DA:74,11
DA:75,11
DA:76,1
DA:79,11
DA:80,8
DA:81,11
DA:84,11
DA:96,8
DA:98,8
DA:99,2
DA:105,9
DA:107,6
DA:108,7
DA:109,7
DA:111,7
DA:112,1
DA:116,6
DA:117,1
DA:118,1
DA:121,6
DA:135,3
DA:137,3
DA:138,3
DA:140,3
DA:141,3
DA:143,3
DA:145,3
DA:146,1
DA:148,2
DA:151,3
DA:160,1
DA:161,1
DA:162,0
DA:163,0
DA:164,0
DA:166,0
DA:167,0
LF:61
LH:56
BRDA:16,0,0,2
BRDA:27,1,0,1
BRDA:27,1,1,4
BRDA:44,2,0,2
BRDA:44,2,1,9
BRDA:46,3,0,1
BRDA:46,3,1,8
BRDA:54,4,0,1
BRDA:54,4,1,1
BRDA:61,5,0,1
BRDA:61,5,1,10
BRDA:61,6,0,11
BRDA:61,6,1,2
BRDA:67,7,0,4
BRDA:67,7,1,7
BRDA:69,8,0,1
BRDA:69,8,1,6
BRDA:75,9,0,1
BRDA:75,9,1,10
BRDA:75,10,0,11
BRDA:75,10,1,2
BRDA:79,11,0,8
BRDA:79,11,1,3
BRDA:98,12,0,2
BRDA:98,12,1,6
BRDA:111,13,0,1
BRDA:111,13,1,6
BRDA:111,14,0,7
BRDA:111,14,1,6
BRDA:116,15,0,1
BRDA:116,15,1,5
BRDA:143,16,0,3
BRDA:143,16,1,2
BRDA:145,17,0,1
BRDA:145,17,1,2
BRDA:161,18,0,0
BRDA:161,18,1,1
BRDA:164,19,0,0
BRDA:164,19,1,0
BRF:39
BRH:36
end_of_record
